Copyright 1986-2022 Xilinx, Inc. All Rights Reserved. Copyright 2022-2024 Advanced Micro Devices, Inc. All Rights Reserved.
---------------------------------------------------------------------------------------------------------------------------------------------
| Tool Version : Vivado v.2024.2 (lin64) Build 5239630 Fri Nov 08 22:34:34 MST 2024
| Date         : Tue Mar 11 22:36:43 2025
| Host         : Nidan running 64-bit Ubuntu 22.04.5 LTS
| Command      : upgrade_ip
| Device       : xc7z020clg400-1
---------------------------------------------------------------------------------------------------------------------------------------------

Upgrade Log for IP 'Pynq_Interface_processing_system7_0_0'

1. Summary
----------

SUCCESS in the update of Pynq_Interface_processing_system7_0_0 (xilinx.com:ip:processing_system7:5.5 (Rev. 6)) to current project options.

2. Upgrade messages
-------------------

WARNING: upgrade cannot add parameter PCW_TRACE_INTERNAL_WIDTH with default value 32 : a parameter called PCW_TRACE_INTERNAL_WIDTH already exists in processing_system7_v5_5
WARNING: upgrade cannot add parameter PCW_USE_AXI_NONSECURE with default value 0 : a parameter called PCW_USE_AXI_NONSECURE already exists in processing_system7_v5_5
WARNING: upgrade cannot add parameter PCW_EN_PTP_ENET0 with default value 1 : a parameter called PCW_EN_PTP_ENET0 already exists in processing_system7_v5_5
WARNING: upgrade cannot add parameter PCW_EN_PTP_ENET0 with default value 1 : a parameter called PCW_EN_PTP_ENET0 already exists in processing_system7_v5_5
WARNING: upgrade cannot add parameter PCW_GP0_NUM_WRITE_THREADS with default value 4 : a parameter called PCW_GP0_NUM_WRITE_THREADS already exists in processing_system7_v5_5
WARNING: upgrade cannot add parameter PCW_GP0_NUM_READ_THREADS with default value 4 : a parameter called PCW_GP0_NUM_READ_THREADS already exists in processing_system7_v5_5
WARNING: upgrade cannot add parameter PCW_GP1_NUM_WRITE_THREADS with default value 4 : a parameter called PCW_GP1_NUM_WRITE_THREADS already exists in processing_system7_v5_5
WARNING: upgrade cannot add parameter PCW_GP1_NUM_READ_THREADS with default value 4 : a parameter called PCW_GP1_NUM_READ_THREADS already exists in processing_system7_v5_5
WARNING: upgrade cannot add parameter PCW_GP0_EN_MODIFIABLE_TXN with default value 0 : a parameter called PCW_GP0_EN_MODIFIABLE_TXN already exists in processing_system7_v5_5
WARNING: upgrade cannot add parameter PCW_GP1_EN_MODIFIABLE_TXN with default value 0 : a parameter called PCW_GP1_EN_MODIFIABLE_TXN already exists in processing_system7_v5_5






Copyright 1986-2022 Xilinx, Inc. All Rights Reserved. Copyright 2022-2024 Advanced Micro Devices, Inc. All Rights Reserved.
---------------------------------------------------------------------------------------------------------------------------------------------
| Tool Version : Vivado v.2024.2 (lin64) Build 5239630 Fri Nov 08 22:34:34 MST 2024
| Date         : Tue Mar 11 22:36:43 2025
| Host         : Nidan running 64-bit Ubuntu 22.04.5 LTS
| Command      : upgrade_ip
| Device       : xc7z020clg400-1
---------------------------------------------------------------------------------------------------------------------------------------------

Upgrade Log for IP 'Pynq_Interface_proc_sys_reset_0_0'

1. Summary
----------

SUCCESS in the update of Pynq_Interface_proc_sys_reset_0_0 (xilinx.com:ip:proc_sys_reset:5.0 (Rev. 16)) to current project options.






Copyright 1986-2022 Xilinx, Inc. All Rights Reserved. Copyright 2022-2024 Advanced Micro Devices, Inc. All Rights Reserved.
---------------------------------------------------------------------------------------------------------------------------------------------
| Tool Version : Vivado v.2024.2 (lin64) Build 5239630 Fri Nov 08 22:34:34 MST 2024
| Date         : Tue Mar 11 22:36:43 2025
| Host         : Nidan running 64-bit Ubuntu 22.04.5 LTS
| Command      : upgrade_ip
| Device       : xc7z020clg400-1
---------------------------------------------------------------------------------------------------------------------------------------------

Upgrade Log for IP 'Pynq_Interface_axi_gpio_0_0'

1. Summary
----------

CAUTION (success, with warnings) in the update of Pynq_Interface_axi_gpio_0_0 (xilinx.com:ip:axi_gpio:2.0 (Rev. 35)) to current project options.

After upgrade, an IP may have parameter and port differences compared to the original customization. Please review the parameters within the IP customization GUI to ensure proper functionality. Also, please review the updated IP instantiation template to ensure proper connectivity, and update your design if required.

2. Warnings
-----------

WARNING: The upgraded user parameter set contained parameters that could not be mapped on to the upgraded IP. When checking the upgrade script, note that parameter names are case sensitive.


3. Connection Warnings
----------------------

Detected external port differences while upgrading 'Pynq_Interface_axi_gpio_0_0'. These changes may impact your design.


-Upgraded port 'gpio_io_i' width 32 differs from original width 2

-Upgrade has added port 'gpio_io_o'

-Upgrade has added port 'gpio_io_t'


4. Customization warnings
-------------------------

The normal upgrade process failed due to validation failures in the given configuration. Attempting partial upgrade to set as many user parameters as possible. Please check the parameters whose values were not applied.

Unable to set the value 'sws_2bits' on parameter 'GPIO BOARD INTERFACE' due to the following failure - 
Value 'sws_2bits' is out of the range for parameter 'GPIO BOARD INTERFACE(GPIO_BOARD_INTERFACE)' for BD Cell 'Pynq_Interface_axi_gpio_0_0' . Valid values are - Custom
. Restoring to an old valid value of 'Custom'

Update of parameter 'PARAM_VALUE.C_ALL_OUTPUTS' failed for IP 'Pynq_Interface_axi_gpio_0_0'. 

Customization errors found on 'Pynq_Interface_axi_gpio_0_0'. Restoring to previous valid configuration.

Failed to restore IP 'Pynq_Interface_axi_gpio_0_0' customization to its previous valid configuration.


5. Debug Commands
-----------------

  The following debug information can be passed to Vivado as Tcl commands,
in order to validate or debug the output of the upgrade flow.
  You may consult any warnings from within this upgrade, and alter or remove
the configuration parameter(s) which caused the warning; then execute the Tcl
commands, and use the IP Customization GUI to verify the IP configuration.

create_ip -vlnv xilinx.com:ip:axi_gpio:2.0 -user_name Pynq_Interface_axi_gpio_0_0
set_property -dict "\
  CONFIG.C_ALL_INPUTS {1} \
  CONFIG.C_ALL_INPUTS_2 {0} \
  CONFIG.C_ALL_OUTPUTS {0} \
  CONFIG.C_ALL_OUTPUTS_2 {0} \
  CONFIG.C_DOUT_DEFAULT {0x00000000} \
  CONFIG.C_DOUT_DEFAULT_2 {0x00000000} \
  CONFIG.C_GPIO2_WIDTH {32} \
  CONFIG.C_GPIO_WIDTH {2} \
  CONFIG.C_INTERRUPT_PRESENT {0} \
  CONFIG.C_IS_DUAL {0} \
  CONFIG.C_TRI_DEFAULT {0xFFFFFFFF} \
  CONFIG.C_TRI_DEFAULT_2 {0xFFFFFFFF} \
  CONFIG.Component_Name {Pynq_Interface_axi_gpio_0_0} \
  CONFIG.GPIO.BOARD.ASSOCIATED_PARAM {GPIO_BOARD_INTERFACE} \
  CONFIG.GPIO2_BOARD_INTERFACE {Custom} \
  CONFIG.GPIO_BOARD_INTERFACE {sws_2bits} \
  CONFIG.S_AXI.ADDR_WIDTH {9} \
  CONFIG.S_AXI.ARUSER_WIDTH {0} \
  CONFIG.S_AXI.AWUSER_WIDTH {0} \
  CONFIG.S_AXI.BUSER_WIDTH {0} \
  CONFIG.S_AXI.CLK_DOMAIN {Pynq_Interface_processing_system7_0_0_FCLK_CLK0} \
  CONFIG.S_AXI.DATA_WIDTH {32} \
  CONFIG.S_AXI.FREQ_HZ {100000000} \
  CONFIG.S_AXI.HAS_BRESP {1} \
  CONFIG.S_AXI.HAS_BURST {0} \
  CONFIG.S_AXI.HAS_CACHE {0} \
  CONFIG.S_AXI.HAS_LOCK {0} \
  CONFIG.S_AXI.HAS_PROT {0} \
  CONFIG.S_AXI.HAS_QOS {0} \
  CONFIG.S_AXI.HAS_REGION {0} \
  CONFIG.S_AXI.HAS_RRESP {1} \
  CONFIG.S_AXI.HAS_WSTRB {1} \
  CONFIG.S_AXI.ID_WIDTH {0} \
  CONFIG.S_AXI.INSERT_VIP {0} \
  CONFIG.S_AXI.MAX_BURST_LENGTH {1} \
  CONFIG.S_AXI.NUM_READ_OUTSTANDING {2} \
  CONFIG.S_AXI.NUM_READ_THREADS {1} \
  CONFIG.S_AXI.NUM_WRITE_OUTSTANDING {2} \
  CONFIG.S_AXI.NUM_WRITE_THREADS {1} \
  CONFIG.S_AXI.PHASE {0.0} \
  CONFIG.S_AXI.PROTOCOL {AXI4LITE} \
  CONFIG.S_AXI.READ_WRITE_MODE {READ_WRITE} \
  CONFIG.S_AXI.RUSER_BITS_PER_BYTE {0} \
  CONFIG.S_AXI.RUSER_WIDTH {0} \
  CONFIG.S_AXI.SUPPORTS_NARROW_BURST {0} \
  CONFIG.S_AXI.WUSER_BITS_PER_BYTE {0} \
  CONFIG.S_AXI.WUSER_WIDTH {0} \
  CONFIG.S_AXI_ACLK.ASSOCIATED_BUSIF {S_AXI} \
  CONFIG.S_AXI_ACLK.ASSOCIATED_PORT {} \
  CONFIG.S_AXI_ACLK.ASSOCIATED_RESET {s_axi_aresetn} \
  CONFIG.S_AXI_ACLK.CLK_DOMAIN {Pynq_Interface_processing_system7_0_0_FCLK_CLK0} \
  CONFIG.S_AXI_ACLK.FREQ_HZ {100000000} \
  CONFIG.S_AXI_ACLK.FREQ_TOLERANCE_HZ {0} \
  CONFIG.S_AXI_ACLK.INSERT_VIP {0} \
  CONFIG.S_AXI_ACLK.PHASE {0.0} \
  CONFIG.S_AXI_ARESETN.INSERT_VIP {0} \
  CONFIG.S_AXI_ARESETN.POLARITY {ACTIVE_LOW} \
  CONFIG.USE_BOARD_FLOW {true} " [get_ips Pynq_Interface_axi_gpio_0_0]


